This is pdfTeX, Version 3.14159265-2.6-1.40.17 (MiKTeX 2.9) (preloaded format=pdflatex 2016.6.12)  15 JUN 2016 19:12
entering extended mode
**./template_report.tex
(template_report.tex
LaTeX2e <2016/03/31>
Babel <3.9r> and hyphenation patterns for 75 language(s) loaded.
("C:\Program Files (x86)\MiKTeX 2.9\tex\latex\base\book.cls"
Document Class: book 2014/09/29 v1.4h Standard LaTeX document class
("C:\Program Files (x86)\MiKTeX 2.9\tex\latex\base\bk10.clo"
File: bk10.clo 2014/09/29 v1.4h Standard LaTeX file (size option)
)
\c@part=\count79
\c@chapter=\count80
\c@section=\count81
\c@subsection=\count82
\c@subsubsection=\count83
\c@paragraph=\count84
\c@subparagraph=\count85
\c@figure=\count86
\c@table=\count87
\abovecaptionskip=\skip41
\belowcaptionskip=\skip42
\bibindent=\dimen102
)
("C:\Program Files (x86)\MiKTeX 2.9\tex\latex\amsmath\amsmath.sty"
Package: amsmath 2016/03/10 v2.15b AMS math features
\@mathmargin=\skip43

For additional information on amsmath, use the `?' option.
("C:\Program Files (x86)\MiKTeX 2.9\tex\latex\amsmath\amstext.sty"
Package: amstext 2000/06/29 v2.01 AMS text

("C:\Program Files (x86)\MiKTeX 2.9\tex\latex\amsmath\amsgen.sty"
File: amsgen.sty 1999/11/30 v2.0 generic functions
\@emptytoks=\toks14
\ex@=\dimen103
))
("C:\Program Files (x86)\MiKTeX 2.9\tex\latex\amsmath\amsbsy.sty"
Package: amsbsy 1999/11/29 v1.2d Bold Symbols
\pmbraise@=\dimen104
)
("C:\Program Files (x86)\MiKTeX 2.9\tex\latex\amsmath\amsopn.sty"
Package: amsopn 2016/03/08 v2.02 operator names
)
\inf@bad=\count88
LaTeX Info: Redefining \frac on input line 199.
\uproot@=\count89
\leftroot@=\count90
LaTeX Info: Redefining \overline on input line 297.
\classnum@=\count91
\DOTSCASE@=\count92
LaTeX Info: Redefining \ldots on input line 394.
LaTeX Info: Redefining \dots on input line 397.
LaTeX Info: Redefining \cdots on input line 518.
\Mathstrutbox@=\box26
\strutbox@=\box27
\big@size=\dimen105
LaTeX Font Info:    Redeclaring font encoding OML on input line 634.
LaTeX Font Info:    Redeclaring font encoding OMS on input line 635.
\macc@depth=\count93
\c@MaxMatrixCols=\count94
\dotsspace@=\muskip10
\c@parentequation=\count95
\dspbrk@lvl=\count96
\tag@help=\toks15
\row@=\count97
\column@=\count98
\maxfields@=\count99
\andhelp@=\toks16
\eqnshift@=\dimen106
\alignsep@=\dimen107
\tagshift@=\dimen108
\tagwidth@=\dimen109
\totwidth@=\dimen110
\lineht@=\dimen111
\@envbody=\toks17
\multlinegap=\skip44
\multlinetaggap=\skip45
\mathdisplay@stack=\toks18
LaTeX Info: Redefining \[ on input line 2739.
LaTeX Info: Redefining \] on input line 2740.
)
("C:\Program Files (x86)\MiKTeX 2.9\tex\latex\algorithms\algorithm.sty"
Package: algorithm 2009/08/24 v0.1 Document Style `algorithm' - floating enviro
nment

("C:\Program Files (x86)\MiKTeX 2.9\tex\latex\float\float.sty"
Package: float 2001/11/08 v1.3d Float enhancements (AL)
\c@float@type=\count100
\float@exts=\toks19
\float@box=\box28
\@float@everytoks=\toks20
\@floatcapt=\box29
)
("C:\Program Files (x86)\MiKTeX 2.9\tex\latex\base\ifthen.sty"
Package: ifthen 2014/09/29 v1.1c Standard LaTeX ifthen package (DPC)
)
\@float@every@algorithm=\toks21
\c@algorithm=\count101
)
("C:\Program Files (x86)\MiKTeX 2.9\tex\latex\algorithmicx\algpseudocode.sty"
Package: algpseudocode 

("C:\Program Files (x86)\MiKTeX 2.9\tex\latex\algorithmicx\algorithmicx.sty"
Package: algorithmicx 2005/04/27 v1.2 Algorithmicx

Document Style algorithmicx 1.2 - a greatly improved `algorithmic' style
\c@ALG@line=\count102
\c@ALG@rem=\count103
\c@ALG@nested=\count104
\ALG@tlm=\skip46
\ALG@thistlm=\skip47
\c@ALG@Lnr=\count105
\c@ALG@blocknr=\count106
\c@ALG@storecount=\count107
\c@ALG@tmpcounter=\count108
\ALG@tmplength=\skip48
)
Document Style - pseudocode environments for use with the `algorithmicx' style
) ("C:\Program Files (x86)\MiKTeX 2.9\tex\latex\graphics\graphicx.sty"
Package: graphicx 2014/10/28 v1.0g Enhanced LaTeX Graphics (DPC,SPQR)

("C:\Program Files (x86)\MiKTeX 2.9\tex\latex\graphics\keyval.sty"
Package: keyval 2014/10/28 v1.15 key=value parser (DPC)
\KV@toks@=\toks22
)
("C:\Program Files (x86)\MiKTeX 2.9\tex\latex\graphics\graphics.sty"
Package: graphics 2016/05/09 v1.0r Standard LaTeX Graphics (DPC,SPQR)

("C:\Program Files (x86)\MiKTeX 2.9\tex\latex\graphics\trig.sty"
Package: trig 2016/01/03 v1.10 sin cos tan (DPC)
)
("C:\Program Files (x86)\MiKTeX 2.9\tex\latex\00miktex\graphics.cfg"
File: graphics.cfg 2016/01/02 v1.10 sample graphics configuration
)
Package graphics Info: Driver file: pdftex.def on input line 96.

("C:\Program Files (x86)\MiKTeX 2.9\tex\latex\pdftex-def\pdftex.def"
File: pdftex.def 2011/05/27 v0.06d Graphics/color for pdfTeX

("C:\Program Files (x86)\MiKTeX 2.9\tex\generic\oberdiek\infwarerr.sty"
Package: infwarerr 2016/05/16 v1.4 Providing info/warning/error messages (HO)
)
("C:\Program Files (x86)\MiKTeX 2.9\tex\generic\oberdiek\ltxcmds.sty"
Package: ltxcmds 2016/05/16 v1.23 LaTeX kernel commands for general use (HO)
)
\Gread@gobject=\count109
))
\Gin@req@height=\dimen112
\Gin@req@width=\dimen113
)
("C:\Program Files (x86)\MiKTeX 2.9\tex\latex\natbib\natbib.sty"
Package: natbib 2010/09/13 8.31b (PWD, AO)
\bibhang=\skip49
\bibsep=\skip50
LaTeX Info: Redefining \cite on input line 694.
\c@NAT@ctr=\count110
)
("C:\Program Files (x86)\MiKTeX 2.9\tex\latex\tools\array.sty"
Package: array 2014/10/28 v2.4c Tabular extension package (FMi)
\col@sep=\dimen114
\extrarowheight=\dimen115
\NC@list=\toks23
\extratabsurround=\skip51
\backup@length=\skip52
)
("C:\Program Files (x86)\MiKTeX 2.9\tex\latex\amsfonts\amssymb.sty"
Package: amssymb 2013/01/14 v3.01 AMS font symbols

("C:\Program Files (x86)\MiKTeX 2.9\tex\latex\amsfonts\amsfonts.sty"
Package: amsfonts 2013/01/14 v3.01 Basic AMSFonts support
\symAMSa=\mathgroup4
\symAMSb=\mathgroup5
LaTeX Font Info:    Overwriting math alphabet `\mathfrak' in version `bold'
(Font)                  U/euf/m/n --> U/euf/b/n on input line 106.
))
("C:\Program Files (x86)\MiKTeX 2.9\tex\latex\tools\tabularx.sty"
Package: tabularx 2016/02/03 v2.11 `tabularx' package (DPC)
\TX@col@width=\dimen116
\TX@old@table=\dimen117
\TX@old@col=\dimen118
\TX@target=\dimen119
\TX@delta=\dimen120
\TX@cols=\count111
\TX@ftn=\toks24
)
("C:\Program Files (x86)\MiKTeX 2.9\tex\latex\wrapfig\wrapfig.sty"
\wrapoverhang=\dimen121
\WF@size=\dimen122
\c@WF@wrappedlines=\count112
\WF@box=\box30
\WF@everypar=\toks25
Package: wrapfig 2003/01/31  v 3.6
)
("C:\Program Files (x86)\MiKTeX 2.9\tex\latex\caption\subcaption.sty"
Package: subcaption 2016/05/22 v1.1-161 Sub-captions (AR)

("C:\Program Files (x86)\MiKTeX 2.9\tex\latex\caption\caption.sty"
Package: caption 2016/02/21 v3.3-144 Customizing captions (AR)

("C:\Program Files (x86)\MiKTeX 2.9\tex\latex\caption\caption3.sty"
Package: caption3 2016/05/22 v1.7-166 caption3 kernel (AR)
Package caption3 Info: TeX engine: e-TeX on input line 67.
\captionmargin=\dimen123
\captionmargin@=\dimen124
\captionwidth=\dimen125
\caption@tempdima=\dimen126
\caption@indent=\dimen127
\caption@parindent=\dimen128
\caption@hangindent=\dimen129
)
\c@ContinuedFloat=\count113
Package caption Info: float package is loaded.
Package caption Info: wrapfig package is loaded.
)
\c@subfigure=\count114
\c@subtable=\count115
)
("C:\Program Files (x86)\MiKTeX 2.9\tex\latex\geometry\geometry.sty"
Package: geometry 2010/09/12 v5.6 Page Geometry

("C:\Program Files (x86)\MiKTeX 2.9\tex\generic\oberdiek\ifpdf.sty"
Package: ifpdf 2016/05/14 v3.1 Provides the ifpdf switch
)
("C:\Program Files (x86)\MiKTeX 2.9\tex\generic\oberdiek\ifvtex.sty"
Package: ifvtex 2016/05/16 v1.6 Detect VTeX and its facilities (HO)
Package ifvtex Info: VTeX not detected.
)
("C:\Program Files (x86)\MiKTeX 2.9\tex\generic\ifxetex\ifxetex.sty"
Package: ifxetex 2010/09/12 v0.6 Provides ifxetex conditional
)
\Gm@cnth=\count116
\Gm@cntv=\count117
\c@Gm@tempcnt=\count118
\Gm@bindingoffset=\dimen130
\Gm@wd@mp=\dimen131
\Gm@odd@mp=\dimen132
\Gm@even@mp=\dimen133
\Gm@layoutwidth=\dimen134
\Gm@layoutheight=\dimen135
\Gm@layouthoffset=\dimen136
\Gm@layoutvoffset=\dimen137
\Gm@dimlist=\toks26

("C:\Program Files (x86)\MiKTeX 2.9\tex\latex\geometry\geometry.cfg"))
("C:\Program Files (x86)\MiKTeX 2.9\tex\latex\listings\listings.sty"
\lst@mode=\count119
\lst@gtempboxa=\box31
\lst@token=\toks27
\lst@length=\count120
\lst@currlwidth=\dimen138
\lst@column=\count121
\lst@pos=\count122
\lst@lostspace=\dimen139
\lst@width=\dimen140
\lst@newlines=\count123
\lst@lineno=\count124
\lst@maxwidth=\dimen141

("C:\Program Files (x86)\MiKTeX 2.9\tex\latex\listings\lstmisc.sty"
File: lstmisc.sty 2015/06/04 1.6 (Carsten Heinz)
\c@lstnumber=\count125
\lst@skipnumbers=\count126
\lst@framebox=\box32
)
("C:\Program Files (x86)\MiKTeX 2.9\tex\latex\listings\listings.cfg"
File: listings.cfg 2015/06/04 1.6 listings configuration
))
Package: listings 2015/06/04 1.6 (Carsten Heinz)

("C:\Program Files (x86)\MiKTeX 2.9\tex\latex\xcolor\xcolor.sty"
Package: xcolor 2016/05/11 v2.12 LaTeX color extensions (UK)

("C:\Program Files (x86)\MiKTeX 2.9\tex\latex\00miktex\color.cfg"
File: color.cfg 2016/01/02 v1.6 sample color configuration
)
Package xcolor Info: Driver file: pdftex.def on input line 225.
Package xcolor Info: Model `cmy' substituted by `cmy0' on input line 1348.
Package xcolor Info: Model `hsb' substituted by `rgb' on input line 1352.
Package xcolor Info: Model `RGB' extended on input line 1364.
Package xcolor Info: Model `HTML' substituted by `rgb' on input line 1366.
Package xcolor Info: Model `Hsb' substituted by `hsb' on input line 1367.
Package xcolor Info: Model `tHsb' substituted by `hsb' on input line 1368.
Package xcolor Info: Model `HSB' substituted by `hsb' on input line 1369.
Package xcolor Info: Model `Gray' substituted by `gray' on input line 1370.
Package xcolor Info: Model `wave' substituted by `hsb' on input line 1371.
)
("C:\Program Files (x86)\MiKTeX 2.9\tex\latex\listings\lstlang1.sty"
File: lstlang1.sty 2015/06/04 1.6 listings language file
)
("C:\Program Files (x86)\MiKTeX 2.9\tex\latex\listings\lstmisc.sty"
File: lstmisc.sty 2015/06/04 1.6 (Carsten Heinz)
)
(template_report.aux (front.aux) (abstract.aux) (sammendrag.aux)
(assignment.aux) (introduction.aux) (background.aux) (related_work.aux)
(method.aux) (result.aux) (future_work.aux) (conclusion.aux))
\openout1 = `template_report.aux'.

LaTeX Font Info:    Checking defaults for OML/cmm/m/it on input line 56.
LaTeX Font Info:    ... okay on input line 56.
LaTeX Font Info:    Checking defaults for T1/cmr/m/n on input line 56.
LaTeX Font Info:    ... okay on input line 56.
LaTeX Font Info:    Checking defaults for OT1/cmr/m/n on input line 56.
LaTeX Font Info:    ... okay on input line 56.
LaTeX Font Info:    Checking defaults for OMS/cmsy/m/n on input line 56.
LaTeX Font Info:    ... okay on input line 56.
LaTeX Font Info:    Checking defaults for OMX/cmex/m/n on input line 56.
LaTeX Font Info:    ... okay on input line 56.
LaTeX Font Info:    Checking defaults for U/cmr/m/n on input line 56.
LaTeX Font Info:    ... okay on input line 56.

("C:\Program Files (x86)\MiKTeX 2.9\tex\context\base\supp-pdf.mkii"
[Loading MPS to PDF converter (version 2006.09.02).]
\scratchcounter=\count127
\scratchdimen=\dimen142
\scratchbox=\box33
\nofMPsegments=\count128
\nofMParguments=\count129
\everyMPshowfont=\toks28
\MPscratchCnt=\count130
\MPscratchDim=\dimen143
\MPnumerator=\count131
\makeMPintoPDFobject=\count132
\everyMPtoPDFconversion=\toks29
) ("C:\Program Files (x86)\MiKTeX 2.9\tex\generic\oberdiek\pdftexcmds.sty"
Package: pdftexcmds 2016/05/21 v0.22 Utility functions of pdfTeX for LuaTeX (HO
)

("C:\Program Files (x86)\MiKTeX 2.9\tex\generic\oberdiek\ifluatex.sty"
Package: ifluatex 2016/05/16 v1.4 Provides the ifluatex switch (HO)
Package ifluatex Info: LuaTeX not detected.
)
Package pdftexcmds Info: LuaTeX not detected.
Package pdftexcmds Info: \pdf@primitive is available.
Package pdftexcmds Info: \pdf@ifprimitive is available.
Package pdftexcmds Info: \pdfdraftmode found.
)
("C:\Program Files (x86)\MiKTeX 2.9\tex\latex\oberdiek\epstopdf-base.sty"
Package: epstopdf-base 2016/05/15 v2.6 Base part for package epstopdf

("C:\Program Files (x86)\MiKTeX 2.9\tex\latex\oberdiek\grfext.sty"
Package: grfext 2016/05/16 v1.2 Manage graphics extensions (HO)

("C:\Program Files (x86)\MiKTeX 2.9\tex\generic\oberdiek\kvdefinekeys.sty"
Package: kvdefinekeys 2016/05/16 v1.4 Define keys (HO)
))
("C:\Program Files (x86)\MiKTeX 2.9\tex\latex\oberdiek\kvoptions.sty"
Package: kvoptions 2016/05/16 v3.12 Key value format for package options (HO)

("C:\Program Files (x86)\MiKTeX 2.9\tex\generic\oberdiek\kvsetkeys.sty"
Package: kvsetkeys 2016/05/16 v1.17 Key value parser (HO)

("C:\Program Files (x86)\MiKTeX 2.9\tex\generic\oberdiek\etexcmds.sty"
Package: etexcmds 2016/05/16 v1.6 Avoid name clashes with e-TeX commands (HO)
Package etexcmds Info: Could not find \expanded.
(etexcmds)             That can mean that you are not using pdfTeX 1.50 or
(etexcmds)             that some package has redefined \expanded.
(etexcmds)             In the latter case, load this package earlier.
)))
Package grfext Info: Graphics extension search list:
(grfext)             [.png,.pdf,.jpg,.mps,.jpeg,.jbig2,.jb2,.PNG,.PDF,.JPG,.JPE
G,.JBIG2,.JB2,.eps]
(grfext)             \AppendGraphicsExtensions on input line 456.
)
Package caption Info: Begin \AtBeginDocument code.
Package caption Info: listings package is loaded.
Package caption Info: End \AtBeginDocument code.

*geometry* driver: auto-detecting
*geometry* detected driver: pdftex
*geometry* verbose mode - [ preamble ] result:
* driver: pdftex
* paper: b5paper
* layout: <same size as paper>
* layoutoffset:(h,v)=(0.0pt,0.0pt)
* modes: twoside 
* h-part:(L,W,R)=(60.09283pt, 350.5364pt, 90.13925pt)
* v-part:(T,H,B)=(85.35913pt, 497.92105pt, 128.03871pt)
* \paperwidth=500.7685pt
* \paperheight=711.3189pt
* \textwidth=350.5364pt
* \textheight=497.92105pt
* \oddsidemargin=-12.17715pt
* \evensidemargin=17.86926pt
* \topmargin=-16.97835pt
* \headheight=12.0pt
* \headsep=18.06749pt
* \topskip=10.0pt
* \footskip=25.29494pt
* \marginparwidth=115.0pt
* \marginparsep=7.0pt
* \columnsep=10.0pt
* \skip\footins=9.0pt plus 4.0pt minus 2.0pt
* \hoffset=0.0pt
* \voffset=0.0pt
* \mag=1000
* \@twocolumnfalse
* \@twosidetrue
* \@mparswitchtrue
* \@reversemarginfalse
* (1in=72.27pt=25.4mm, 1cm=28.453pt)

\c@lstlisting=\count133
\openout2 = `front.aux'.

(front.tex <Figures/ntnu.png, id=1, 359.4228pt x 120.45pt>
File: Figures/ntnu.png Graphic file (type png)

<use Figures/ntnu.png>
Package pdftex.def Info: Figures/ntnu.png used on input line 4.
(pdftex.def)             Requested size: 107.82767pt x 36.13527pt.

Underfull \hbox (badness 10000) in paragraph at lines 4--6

 []

) [1


{C:/ProgramData/MiKTeX/2.9/pdftex/config/pdftex.map} <./Figures/ntnu.png>]
\openout2 = `abstract.aux'.


(abstract.tex) [1


]
\openout2 = `sammendrag.aux'.


No file sammendrag.tex.
\openout2 = `assignment.aux'.

(assignment.tex) [2




] (template_report.toc
LaTeX Font Info:    Try loading font information for U+msa on input line 2.

("C:\Program Files (x86)\MiKTeX 2.9\tex\latex\amsfonts\umsa.fd"
File: umsa.fd 2013/01/14 v3.01 AMS symbols A
)
LaTeX Font Info:    Try loading font information for U+msb on input line 2.

("C:\Program Files (x86)\MiKTeX 2.9\tex\latex\amsfonts\umsb.fd"
File: umsb.fd 2013/01/14 v3.01 AMS symbols B
) [3


])
\tf@toc=\write3
\openout3 = `template_report.toc'.

 [4]
(template_report.lof)
\tf@lof=\write4
\openout4 = `template_report.lof'.

 [5

] [6

] (template_report.lot)
\tf@lot=\write5
\openout5 = `template_report.lot'.

 [1]
\openout2 = `introduction.aux'.

 (introduction.tex
[2


]
Chapter 1.
[3]
Underfull \hbox (badness 10000) in paragraph at lines 16--21

 []


Underfull \hbox (badness 10000) in paragraph at lines 16--21

 []


Underfull \hbox (badness 10000) in paragraph at lines 16--21

 []


Underfull \hbox (badness 10000) in paragraph at lines 16--21

 []


Underfull \hbox (badness 10000) in paragraph at lines 16--21

 []


Underfull \hbox (badness 10000) in paragraph at lines 16--21

 []


Underfull \hbox (badness 10000) in paragraph at lines 24--25

 []

)
Underfull \hbox (badness 10000) in paragraph at lines 26--69

 []


Underfull \hbox (badness 10000) in paragraph at lines 26--69

 []


Underfull \hbox (badness 10000) in paragraph at lines 26--69

 []


Underfull \hbox (badness 10000) in paragraph at lines 26--69

 []


Underfull \hbox (badness 10000) in paragraph at lines 26--69

 []


Underfull \hbox (badness 10000) in paragraph at lines 26--69

 []


Underfull \hbox (badness 10000) in paragraph at lines 26--69

 []

[4] [5]
\openout2 = `background.aux'.

 (background.tex [6



]
Chapter 2.

Underfull \hbox (badness 10000) in paragraph at lines 5--7

 []


Overfull \hbox (14.48175pt too wide) in paragraph at lines 10--11
\OT1/cmr/m/n/10 work. A ver-tex can be ei-ther ac-ti-vated(infected) or in-ac-t
i-vated(healthy/noninfected),
 []


Underfull \vbox (badness 10000) has occurred while \output is active []

 [7]
<Figures/ICM_step1.png, id=58, 419.5675pt x 404.51125pt>
File: Figures/ICM_step1.png Graphic file (type png)

<use Figures/ICM_step1.png>
Package pdftex.def Info: Figures/ICM_step1.png used on input line 23.
(pdftex.def)             Requested size: 105.16199pt x 101.3868pt.

<Figures/ICM_step2.png, id=60, 419.5675pt x 404.51125pt>
File: Figures/ICM_step2.png Graphic file (type png)

<use Figures/ICM_step2.png>
Package pdftex.def Info: Figures/ICM_step2.png used on input line 28.
(pdftex.def)             Requested size: 105.16199pt x 101.3868pt.

<Figures/ICM_step3.png, id=61, 419.5675pt x 404.51125pt>
File: Figures/ICM_step3.png Graphic file (type png)

<use Figures/ICM_step3.png>
Package pdftex.def Info: Figures/ICM_step3.png used on input line 33.
(pdftex.def)             Requested size: 105.16199pt x 101.3868pt.


Package caption Warning: \label without proper reference on input line 46.
See the caption package documentation for explanation.


LaTeX Warning: Reference `fig:LTM' on page 8 undefined on input line 42.

<Figures/LTM_step1.png, id=62, 419.5675pt x 404.51125pt>
File: Figures/LTM_step1.png Graphic file (type png)

<use Figures/LTM_step1.png>
Package pdftex.def Info: Figures/LTM_step1.png used on input line 48.
(pdftex.def)             Requested size: 105.16199pt x 101.3868pt.

<Figures/LTM_step2.png, id=63, 419.5675pt x 404.51125pt>
File: Figures/LTM_step2.png Graphic file (type png)

<use Figures/LTM_step2.png>
Package pdftex.def Info: Figures/LTM_step2.png used on input line 53.
(pdftex.def)             Requested size: 105.16199pt x 101.3868pt.
File: Figures/LTM_step2.png Graphic file (type png)
 <use Figures/LTM_step2.png>
Package pdftex.def Info: Figures/LTM_step2.png used on input line 58.
(pdftex.def)             Requested size: 105.16199pt x 101.3868pt.
 [8 <./Figures/ICM_step1.png> <./Figures/ICM_step2.png> <./Figures/ICM_step3.pn
g>] [9 <./Figures/LTM_step1.png> <./Figures/LTM_step2.png>]
<Figures/AdjacencyMatrix.png, id=76, 164.615pt x 164.615pt>
File: Figures/AdjacencyMatrix.png Graphic file (type png)

<use Figures/AdjacencyMatrix.png>
Package pdftex.def Info: Figures/AdjacencyMatrix.png used on input line 116.
(pdftex.def)             Requested size: 84.1299pt x 84.13087pt.

<Figures/simpleGraph.png, id=77, 404.51125pt x 334.24875pt>
File: Figures/simpleGraph.png Graphic file (type png)

<use Figures/simpleGraph.png>
Package pdftex.def Info: Figures/simpleGraph.png used on input line 121.
(pdftex.def)             Requested size: 84.1299pt x 69.51598pt.
 [10]
<Figures/BFS_algo.png, id=83, 529.98pt x 275.0275pt>
File: Figures/BFS_algo.png Graphic file (type png)

<use Figures/BFS_algo.png>
Package pdftex.def Info: Figures/BFS_algo.png used on input line 133.
(pdftex.def)             Requested size: 245.3744pt x 127.3367pt.
 [11 <./Figures/AdjacencyMatrix.png> <./Figures/simpleGraph.png> <./Figures/BFS
_algo.png>]
Missing character: There is no â in font cmr10!
Missing character: There is no ˆ in font cmr10!
Missing character: There is no ’ in font cmr10!
 [12]
Missing character: There is no â in font cmr10!
Missing character: There is no ˆ in font cmr10!
Missing character: There is no ’ in font cmr10!
 [13]
LaTeX Font Info:    Try loading font information for OMS+cmr on input line 212.


("C:\Program Files (x86)\MiKTeX 2.9\tex\latex\base\omscmr.fd"
File: omscmr.fd 2014/09/29 v2.5h Standard LaTeX font definitions
)
LaTeX Font Info:    Font shape `OMS/cmr/m/n' in size <10> not available
(Font)              Font shape `OMS/cmsy/m/n' tried instead on input line 212.
 [14]
<Figures/flip_matrix.png, id=100, 464.73625pt x 163.61125pt>
File: Figures/flip_matrix.png Graphic file (type png)

<use Figures/flip_matrix.png>
Package pdftex.def Info: Figures/flip_matrix.png used on input line 224.
(pdftex.def)             Requested size: 278.84389pt x 98.1675pt.
) [15 <./Figures/flip_matrix.png>]
\openout2 = `related_work.aux'.


(related_work.tex [16



]
Chapter 3.
[17] [18] [19]
Missing character: There is no â in font cmr10!
Missing character: There is no € in font cmr10!
Missing character: There is no “ in font cmr10!
 [20]) [21]
\openout2 = `method.aux'.

 (method.tex [22



]
Chapter 4.
[23]

LaTeX Warning: No positions in optional float specifier.
               Default added (so using `!tbp') on input line 31.

<Figures/Overview_of_system.png, id=130, 706.64pt x 686.565pt>
File: Figures/Overview_of_system.png Graphic file (type png)

<use Figures/Overview_of_system.png>
Package pdftex.def Info: Figures/Overview_of_system.png used on input line 32.
(pdftex.def)             Requested size: 211.99364pt x 205.97108pt.
 [24]
<Figures/LFSR.png, id=135, 690.58pt x 294.09875pt>
File: Figures/LFSR.png Graphic file (type png)
 <use Figures/LFSR.png>
Package pdftex.def Info: Figures/LFSR.png used on input line 47.
(pdftex.def)             Requested size: 345.28915pt x 147.04901pt.

<Figures/HLSworkflow.png, id=136, 334.24875pt x 504.88625pt>
File: Figures/HLSworkflow.png Graphic file (type png)

<use Figures/HLSworkflow.png>
Package pdftex.def Info: Figures/HLSworkflow.png used on input line 58.
(pdftex.def)             Requested size: 167.12396pt x 252.44249pt.
 [25 <./Figures/Overview_of_system.png> <./Figures/HLSworkflow.png>] [26 <./Fig
ures/LFSR.png>]
<Figures/design_1.pdf, id=146, 614.295pt x 794.97pt>
File: Figures/design_1.pdf Graphic file (type pdf)

<use Figures/design_1.pdf>
Package pdftex.def Info: Figures/design_1.pdf used on input line 100.
(pdftex.def)             Requested size: 430.00356pt x 556.4752pt.

Overfull \hbox (79.46715pt too wide) in paragraph at lines 100--101
[][] 
 []


LaTeX Warning: Float too large for page by 80.55415pt on input line 103.

[27]) [28] [29] [30 <./Figures/design_1.pdf, page is rotated 270 degrees>]
\openout2 = `result.aux'.


(result.tex
Chapter 5.
<Figures//Rmat.png, id=168, 246.1697pt x 213.79875pt>
File: Figures//Rmat.png Graphic file (type png)
 <use Figures//Rmat.png>
Package pdftex.def Info: Figures//Rmat.png used on input line 19.
(pdftex.def)             Requested size: 123.08453pt x 106.89911pt.

[31



]

LaTeX Warning: No positions in optional float specifier.
               Default added (so using `tbp') on input line 57.

[32 <./Figures//Rmat.png>] [33]) [34]
\openout2 = `future_work.aux'.

 (future_work.tex
Chapter 6.
[35



]) [36]
\openout2 = `conclusion.aux'.

 (conclusion.tex
Chapter 7.

Underfull \hbox (badness 10000) in paragraph at lines 7--9

 []


Underfull \hbox (badness 10000) in paragraph at lines 10--12

 []


Underfull \hbox (badness 10000) in paragraph at lines 10--12

 []


Underfull \hbox (badness 10000) in paragraph at lines 13--15

 []


Underfull \hbox (badness 10000) in paragraph at lines 13--15

 []


Underfull \hbox (badness 10000) in paragraph at lines 16--18

 []


Underfull \hbox (badness 10000) in paragraph at lines 16--18

 []

[37



]
Underfull \hbox (badness 10000) in paragraph at lines 19--20

 []


Underfull \hbox (badness 10000) in paragraph at lines 19--20

 []


Underfull \hbox (badness 10000) in paragraph at lines 21--22

 []

) [38] (template_report.bbl
Missing character: There is no Ã in font cmr10!
Missing character: There is no ‰ in font cmr10!
LaTeX Font Info:    Font shape `OMS/cmr/m/it' in size <10> not available
(Font)              Font shape `OMS/cmsy/m/n' tried instead on input line 51.
 [39


] [40]
Missing character: There is no Ã in font cmr10!
Missing character: There is no “ in font cmr10!
Missing character: There is no Ä in font cmr10!
Missing character: There is no ± in font cmr10!
Missing character: There is no Â in font cmr10!
Missing character: There is no ´ in font cmr10!
Missing character: There is no Ã in font cmr10!
Missing character: There is no ¡ in font cmr10!
Missing character: There is no Ã in font cmr10!
Missing character: There is no “ in font cmr10!
Missing character: There is no Ã in font cmr10!
Missing character: There is no © in font cmr10!
 [41]) [42] (template_report.aux
(front.aux) (abstract.aux) (sammendrag.aux) (assignment.aux) (introduction.aux)
(background.aux) (related_work.aux) (method.aux) (result.aux) (future_work.aux)
(conclusion.aux))

LaTeX Warning: There were undefined references.

 ) 
Here is how much of TeX's memory you used:
 7156 strings out of 493335
 104872 string characters out of 3136680
 198322 words of memory out of 3000000
 10475 multiletter control sequences out of 15000+200000
 10423 words of font info for 38 fonts, out of 3000000 for 9000
 1141 hyphenation exceptions out of 8191
 42i,12n,56p,1844b,450s stack positions out of 5000i,500n,10000p,200000b,50000s
<C:/Program Files (x86)/MiKTeX 2.9/fonts/type1/public/amsfonts/cm/cmbx10.pfb>
<C:/Program Files (x86)/MiKTeX 2.9/fonts/type1/public/amsfonts/cm/cmbx12.pfb><C
:/Program Files (x86)/MiKTeX 2.9/fonts/type1/public/amsfonts/cm/cmbxti10.pfb><C
:/Program Files (x86)/MiKTeX 2.9/fonts/type1/public/amsfonts/cm/cmmi10.pfb><C:/
Program Files (x86)/MiKTeX 2.9/fonts/type1/public/amsfonts/cm/cmmi7.pfb><C:/Pro
gram Files (x86)/MiKTeX 2.9/fonts/type1/public/amsfonts/cm/cmr10.pfb><C:/Progra
m Files (x86)/MiKTeX 2.9/fonts/type1/public/amsfonts/cm/cmr12.pfb><C:/Program F
iles (x86)/MiKTeX 2.9/fonts/type1/public/amsfonts/cm/cmr17.pfb><C:/Program File
s (x86)/MiKTeX 2.9/fonts/type1/public/amsfonts/cm/cmr7.pfb><C:/Program Files (x
86)/MiKTeX 2.9/fonts/type1/public/amsfonts/cm/cmr8.pfb><C:/Program Files (x86)/
MiKTeX 2.9/fonts/type1/public/amsfonts/cm/cmr9.pfb><C:/Program Files (x86)/MiKT
eX 2.9/fonts/type1/public/amsfonts/cm/cmsl10.pfb><C:/Program Files (x86)/MiKTeX
 2.9/fonts/type1/public/amsfonts/cm/cmsy10.pfb><C:/Program Files (x86)/MiKTeX 2
.9/fonts/type1/public/amsfonts/cm/cmti10.pfb>
Output written on template_report.pdf (49 pages, 507487 bytes).
PDF statistics:
 253 PDF objects out of 1000 (max. 8388607)
 0 named destinations out of 1000 (max. 500000)
 76 words of extra memory for PDF output out of 10000 (max. 10000000)

